build/app/intermediates/manifest_merge_blame_file/debug/manifest-merger-blame-debug-report.txt
1<?xml version="1.0" encoding="utf-8"?>
2<manifest xmlns:android="http://schemas.android.com/apk/res/android"
3    package="com.example.learn_english"
4    android:versionCode="1"
5    android:versionName="1.0.0" >
6
7    <uses-sdk
8        android:minSdkVersion="20"
9        android:targetSdkVersion="31" />
10    <!--
11         The INTERNET permission is required for development. Specifically,
12         the Flutter tool needs it to communicate with the running application
13         to allow setting breakpoints, to provide hot reload, etc.
14    -->
15    <uses-permission android:name="android.permission.INTERNET" />
15-->src\debug\AndroidManifest.xml:7:5-66
15-->src\debug\AndroidManifest.xml:7:22-64
16    <uses-permission android:name="android.permission.WAKE_LOCK" />
16-->[:firebase_messaging] AndroidManifest.xml:10:5-68
16-->[:firebase_messaging] AndroidManifest.xml:10:22-65
17    <uses-permission android:name="android.permission.ACCESS_NETWORK_STATE" /> <!-- Permissions options for the `notification` group -->
17-->[:firebase_messaging] AndroidManifest.xml:11:5-79
17-->[:firebase_messaging] AndroidManifest.xml:11:22-76
18    <uses-permission android:name="android.permission.POST_NOTIFICATIONS" /> <!-- Required by older versions of Google Play services to create IID tokens -->
18-->[:firebase_messaging] AndroidManifest.xml:13:5-77
18-->[:firebase_messaging] AndroidManifest.xml:13:22-74
19    <uses-permission android:name="com.google.android.c2dm.permission.RECEIVE" />
19-->[com.google.firebase:firebase-messaging:23.0.8] AndroidManifest.xml:29:5-82
19-->[com.google.firebase:firebase-messaging:23.0.8] AndroidManifest.xml:29:22-79
20
21    <application
22        android:name="android.app.Application"
23        android:appComponentFactory="androidx.core.app.CoreComponentFactory"
23-->[androidx.core:core:1.8.0] AndroidManifest.xml:24:18-86
24        android:debuggable="true"
25        android:icon="@mipmap/ic_launcher"
26        android:label="learn_english" >
27        <activity
28            android:name="com.example.learn_english.MainActivity"
29            android:configChanges="orientation|keyboardHidden|keyboard|screenSize|smallestScreenSize|locale|layoutDirection|fontScale|screenLayout|density|uiMode"
30            android:exported="true"
31            android:hardwareAccelerated="true"
32            android:launchMode="singleTop"
33            android:theme="@style/LaunchTheme"
34            android:windowSoftInputMode="adjustResize" >
35
36            <!--
37                 Specifies an Android theme to apply to this Activity as soon as
38                 the Android process has started. This theme is visible to the user
39                 while the Flutter UI initializes. After that, this theme continues
40                 to determine the Window background behind the Flutter UI.
41            -->
42            <meta-data
43                android:name="io.flutter.embedding.android.NormalTheme"
44                android:resource="@style/NormalTheme" />
45
46            <intent-filter>
47                <action android:name="android.intent.action.MAIN" />
48
49                <category android:name="android.intent.category.LAUNCHER" />
50            </intent-filter>
51        </activity>
52        <!--
53             Don't delete the meta-data below.
54             This is used by the Flutter tool to generate GeneratedPluginRegistrant.java
55        -->
56        <meta-data
57            android:name="flutterEmbedding"
58            android:value="2" />
59
60        <service
60-->[:firebase_auth] AndroidManifest.xml:10:9-14:19
61            android:name="com.google.firebase.components.ComponentDiscoveryService"
61-->[:firebase_auth] AndroidManifest.xml:10:18-89
62            android:directBootAware="true"
62-->[com.google.firebase:firebase-common:20.1.2] AndroidManifest.xml:35:13-43
63            android:exported="false" >
63-->[com.google.firebase:firebase-auth:21.0.8] AndroidManifest.xml:66:13-37
64            <meta-data
64-->[:firebase_auth] AndroidManifest.xml:11:13-13:85
65                android:name="com.google.firebase.components:io.flutter.plugins.firebase.auth.FlutterFirebaseAuthRegistrar"
65-->[:firebase_auth] AndroidManifest.xml:12:17-124
66                android:value="com.google.firebase.components.ComponentRegistrar" />
66-->[:firebase_auth] AndroidManifest.xml:13:17-82
67            <meta-data
67-->[:firebase_storage] AndroidManifest.xml:11:13-13:85
68                android:name="com.google.firebase.components:io.flutter.plugins.firebase.storage.FlutterFirebaseAppRegistrar"
68-->[:firebase_storage] AndroidManifest.xml:12:17-126
69                android:value="com.google.firebase.components.ComponentRegistrar" />
69-->[:firebase_storage] AndroidManifest.xml:13:17-82
70            <meta-data
70-->[:cloud_firestore] AndroidManifest.xml:11:13-13:85
71                android:name="com.google.firebase.components:io.flutter.plugins.firebase.firestore.FlutterFirebaseFirestoreRegistrar"
71-->[:cloud_firestore] AndroidManifest.xml:12:17-134
72                android:value="com.google.firebase.components.ComponentRegistrar" />
72-->[:cloud_firestore] AndroidManifest.xml:13:17-82
73            <meta-data
73-->[:firebase_messaging] AndroidManifest.xml:38:13-40:85
74                android:name="com.google.firebase.components:io.flutter.plugins.firebase.messaging.FlutterFirebaseAppRegistrar"
74-->[:firebase_messaging] AndroidManifest.xml:39:17-128
75                android:value="com.google.firebase.components.ComponentRegistrar" />
75-->[:firebase_messaging] AndroidManifest.xml:40:17-82
76            <meta-data
76-->[:firebase_core] AndroidManifest.xml:11:13-13:85
77                android:name="com.google.firebase.components:io.flutter.plugins.firebase.core.FlutterFirebaseCoreRegistrar"
77-->[:firebase_core] AndroidManifest.xml:12:17-124
78                android:value="com.google.firebase.components.ComponentRegistrar" />
78-->[:firebase_core] AndroidManifest.xml:13:17-82
79            <meta-data
79-->[com.google.firebase:firebase-auth:21.0.8] AndroidManifest.xml:67:13-69:85
80                android:name="com.google.firebase.components:com.google.firebase.auth.FirebaseAuthRegistrar"
80-->[com.google.firebase:firebase-auth:21.0.8] AndroidManifest.xml:68:17-109
81                android:value="com.google.firebase.components.ComponentRegistrar" />
81-->[com.google.firebase:firebase-auth:21.0.8] AndroidManifest.xml:69:17-82
82            <meta-data
82-->[com.google.firebase:firebase-firestore:24.3.1] AndroidManifest.xml:20:13-22:85
83                android:name="com.google.firebase.components:com.google.firebase.firestore.FirestoreRegistrar"
83-->[com.google.firebase:firebase-firestore:24.3.1] AndroidManifest.xml:21:17-111
84                android:value="com.google.firebase.components.ComponentRegistrar" />
84-->[com.google.firebase:firebase-firestore:24.3.1] AndroidManifest.xml:22:17-82
85            <meta-data
85-->[com.google.firebase:firebase-messaging:23.0.8] AndroidManifest.xml:56:13-58:85
86                android:name="com.google.firebase.components:com.google.firebase.messaging.FirebaseMessagingRegistrar"
86-->[com.google.firebase:firebase-messaging:23.0.8] AndroidManifest.xml:57:17-119
87                android:value="com.google.firebase.components.ComponentRegistrar" />
87-->[com.google.firebase:firebase-messaging:23.0.8] AndroidManifest.xml:58:17-82
88            <meta-data
88-->[com.google.firebase:firebase-storage:20.0.2] AndroidManifest.xml:33:13-35:85
89                android:name="com.google.firebase.components:com.google.firebase.storage.StorageRegistrar"
89-->[com.google.firebase:firebase-storage:20.0.2] AndroidManifest.xml:34:17-107
90                android:value="com.google.firebase.components.ComponentRegistrar" />
90-->[com.google.firebase:firebase-storage:20.0.2] AndroidManifest.xml:35:17-82
91            <meta-data
91-->[com.google.firebase:firebase-datatransport:18.1.6] AndroidManifest.xml:28:13-30:85
92                android:name="com.google.firebase.components:com.google.firebase.datatransport.TransportRegistrar"
92-->[com.google.firebase:firebase-datatransport:18.1.6] AndroidManifest.xml:29:17-115
93                android:value="com.google.firebase.components.ComponentRegistrar" />
93-->[com.google.firebase:firebase-datatransport:18.1.6] AndroidManifest.xml:30:17-82
94            <meta-data
94-->[com.google.firebase:firebase-installations:17.0.3] AndroidManifest.xml:18:13-20:85
95                android:name="com.google.firebase.components:com.google.firebase.installations.FirebaseInstallationsRegistrar"
95-->[com.google.firebase:firebase-installations:17.0.3] AndroidManifest.xml:19:17-127
96                android:value="com.google.firebase.components.ComponentRegistrar" />
96-->[com.google.firebase:firebase-installations:17.0.3] AndroidManifest.xml:20:17-82
97        </service>
98        <service
98-->[:firebase_messaging] AndroidManifest.xml:16:9-19:72
99            android:name="io.flutter.plugins.firebase.messaging.FlutterFirebaseMessagingBackgroundService"
99-->[:firebase_messaging] AndroidManifest.xml:17:13-107
100            android:exported="false"
100-->[:firebase_messaging] AndroidManifest.xml:18:13-37
101            android:permission="android.permission.BIND_JOB_SERVICE" />
101-->[:firebase_messaging] AndroidManifest.xml:19:13-69
102        <service
102-->[:firebase_messaging] AndroidManifest.xml:20:9-26:19
103            android:name="io.flutter.plugins.firebase.messaging.FlutterFirebaseMessagingService"
103-->[:firebase_messaging] AndroidManifest.xml:21:13-97
104            android:exported="false" >
104-->[:firebase_messaging] AndroidManifest.xml:22:13-37
105            <intent-filter>
105-->[:firebase_messaging] AndroidManifest.xml:23:13-25:29
106                <action android:name="com.google.firebase.MESSAGING_EVENT" />
106-->[:firebase_messaging] AndroidManifest.xml:24:17-78
106-->[:firebase_messaging] AndroidManifest.xml:24:25-75
107            </intent-filter>
108        </service>
109
110        <receiver
110-->[:firebase_messaging] AndroidManifest.xml:28:9-35:20
111            android:name="io.flutter.plugins.firebase.messaging.FlutterFirebaseMessagingReceiver"
111-->[:firebase_messaging] AndroidManifest.xml:29:13-98
112            android:exported="true"
112-->[:firebase_messaging] AndroidManifest.xml:30:13-36
113            android:permission="com.google.android.c2dm.permission.SEND" >
113-->[:firebase_messaging] AndroidManifest.xml:31:13-73
114            <intent-filter>
114-->[:firebase_messaging] AndroidManifest.xml:32:13-34:29
115                <action android:name="com.google.android.c2dm.intent.RECEIVE" />
115-->[:firebase_messaging] AndroidManifest.xml:33:17-81
115-->[:firebase_messaging] AndroidManifest.xml:33:25-78
116            </intent-filter>
117        </receiver>
118
119        <provider
119-->[:firebase_messaging] AndroidManifest.xml:43:9-47:38
120            android:name="io.flutter.plugins.firebase.messaging.FlutterFirebaseMessagingInitProvider"
120-->[:firebase_messaging] AndroidManifest.xml:44:13-102
121            android:authorities="com.example.learn_english.flutterfirebasemessaginginitprovider"
121-->[:firebase_messaging] AndroidManifest.xml:45:13-88
122            android:exported="false"
122-->[:firebase_messaging] AndroidManifest.xml:46:13-37
123            android:initOrder="99" />
123-->[:firebase_messaging] AndroidManifest.xml:47:13-35
124        <provider
124-->[:image_picker_android] AndroidManifest.xml:10:9-18:20
125            android:name="io.flutter.plugins.imagepicker.ImagePickerFileProvider"
125-->[:image_picker_android] AndroidManifest.xml:11:13-82
126            android:authorities="com.example.learn_english.flutter.image_provider"
126-->[:image_picker_android] AndroidManifest.xml:12:13-74
127            android:exported="false"
127-->[:image_picker_android] AndroidManifest.xml:13:13-37
128            android:grantUriPermissions="true" >
128-->[:image_picker_android] AndroidManifest.xml:14:13-47
129            <meta-data
129-->[:image_picker_android] AndroidManifest.xml:15:13-17:75
130                android:name="android.support.FILE_PROVIDER_PATHS"
130-->[:image_picker_android] AndroidManifest.xml:16:17-67
131                android:resource="@xml/flutter_image_picker_file_paths" />
131-->[:image_picker_android] AndroidManifest.xml:17:17-72
132        </provider>
133
134        <uses-library
134-->[androidx.window:window:1.0.0-beta04] AndroidManifest.xml:25:9-27:40
135            android:name="androidx.window.extensions"
135-->[androidx.window:window:1.0.0-beta04] AndroidManifest.xml:26:13-54
136            android:required="false" />
136-->[androidx.window:window:1.0.0-beta04] AndroidManifest.xml:27:13-37
137        <uses-library
137-->[androidx.window:window:1.0.0-beta04] AndroidManifest.xml:28:9-30:40
138            android:name="androidx.window.sidecar"
138-->[androidx.window:window:1.0.0-beta04] AndroidManifest.xml:29:13-51
139            android:required="false" />
139-->[androidx.window:window:1.0.0-beta04] AndroidManifest.xml:30:13-37
140
141        <activity
141-->[com.google.firebase:firebase-auth:21.0.8] AndroidManifest.xml:27:9-44:20
142            android:name="com.google.firebase.auth.internal.GenericIdpActivity"
142-->[com.google.firebase:firebase-auth:21.0.8] AndroidManifest.xml:28:13-80
143            android:excludeFromRecents="true"
143-->[com.google.firebase:firebase-auth:21.0.8] AndroidManifest.xml:29:13-46
144            android:exported="true"
144-->[com.google.firebase:firebase-auth:21.0.8] AndroidManifest.xml:30:13-36
145            android:launchMode="singleTask"
145-->[com.google.firebase:firebase-auth:21.0.8] AndroidManifest.xml:31:13-44
146            android:theme="@android:style/Theme.Translucent.NoTitleBar" >
146-->[com.google.firebase:firebase-auth:21.0.8] AndroidManifest.xml:32:13-72
147            <intent-filter>
147-->[com.google.firebase:firebase-auth:21.0.8] AndroidManifest.xml:33:13-43:29
148                <action android:name="android.intent.action.VIEW" />
148-->[com.google.firebase:firebase-auth:21.0.8] AndroidManifest.xml:34:17-69
148-->[com.google.firebase:firebase-auth:21.0.8] AndroidManifest.xml:34:25-66
149
150                <category android:name="android.intent.category.DEFAULT" />
150-->[com.google.firebase:firebase-auth:21.0.8] AndroidManifest.xml:36:17-76
150-->[com.google.firebase:firebase-auth:21.0.8] AndroidManifest.xml:36:27-73
151                <category android:name="android.intent.category.BROWSABLE" />
151-->[com.google.firebase:firebase-auth:21.0.8] AndroidManifest.xml:37:17-78
151-->[com.google.firebase:firebase-auth:21.0.8] AndroidManifest.xml:37:27-75
152
153                <data
153-->[com.google.firebase:firebase-auth:21.0.8] AndroidManifest.xml:39:17-42:51
154                    android:host="firebase.auth"
154-->[com.google.firebase:firebase-auth:21.0.8] AndroidManifest.xml:40:21-49
155                    android:path="/"
155-->[com.google.firebase:firebase-auth:21.0.8] AndroidManifest.xml:41:21-37
156                    android:scheme="genericidp" />
156-->[com.google.firebase:firebase-auth:21.0.8] AndroidManifest.xml:42:21-48
157            </intent-filter>
158        </activity>
159        <activity
159-->[com.google.firebase:firebase-auth:21.0.8] AndroidManifest.xml:45:9-62:20
160            android:name="com.google.firebase.auth.internal.RecaptchaActivity"
160-->[com.google.firebase:firebase-auth:21.0.8] AndroidManifest.xml:46:13-79
161            android:excludeFromRecents="true"
161-->[com.google.firebase:firebase-auth:21.0.8] AndroidManifest.xml:47:13-46
162            android:exported="true"
162-->[com.google.firebase:firebase-auth:21.0.8] AndroidManifest.xml:48:13-36
163            android:launchMode="singleTask"
163-->[com.google.firebase:firebase-auth:21.0.8] AndroidManifest.xml:49:13-44
164            android:theme="@android:style/Theme.Translucent.NoTitleBar" >
164-->[com.google.firebase:firebase-auth:21.0.8] AndroidManifest.xml:50:13-72
165            <intent-filter>
165-->[com.google.firebase:firebase-auth:21.0.8] AndroidManifest.xml:51:13-61:29
166                <action android:name="android.intent.action.VIEW" />
166-->[com.google.firebase:firebase-auth:21.0.8] AndroidManifest.xml:34:17-69
166-->[com.google.firebase:firebase-auth:21.0.8] AndroidManifest.xml:34:25-66
167
168                <category android:name="android.intent.category.DEFAULT" />
168-->[com.google.firebase:firebase-auth:21.0.8] AndroidManifest.xml:36:17-76
168-->[com.google.firebase:firebase-auth:21.0.8] AndroidManifest.xml:36:27-73
169                <category android:name="android.intent.category.BROWSABLE" />
169-->[com.google.firebase:firebase-auth:21.0.8] AndroidManifest.xml:37:17-78
169-->[com.google.firebase:firebase-auth:21.0.8] AndroidManifest.xml:37:27-75
170
171                <data
171-->[com.google.firebase:firebase-auth:21.0.8] AndroidManifest.xml:39:17-42:51
172                    android:host="firebase.auth"
172-->[com.google.firebase:firebase-auth:21.0.8] AndroidManifest.xml:40:21-49
173                    android:path="/"
173-->[com.google.firebase:firebase-auth:21.0.8] AndroidManifest.xml:41:21-37
174                    android:scheme="recaptcha" />
174-->[com.google.firebase:firebase-auth:21.0.8] AndroidManifest.xml:42:21-48
175            </intent-filter>
176        </activity>
177
178        <receiver
178-->[com.google.firebase:firebase-messaging:23.0.8] AndroidManifest.xml:32:9-39:20
179            android:name="com.google.firebase.iid.FirebaseInstanceIdReceiver"
179-->[com.google.firebase:firebase-messaging:23.0.8] AndroidManifest.xml:33:13-78
180            android:exported="true"
180-->[com.google.firebase:firebase-messaging:23.0.8] AndroidManifest.xml:34:13-36
181            android:permission="com.google.android.c2dm.permission.SEND" >
181-->[com.google.firebase:firebase-messaging:23.0.8] AndroidManifest.xml:35:13-73
182            <intent-filter>
182-->[:firebase_messaging] AndroidManifest.xml:32:13-34:29
183                <action android:name="com.google.android.c2dm.intent.RECEIVE" />
183-->[:firebase_messaging] AndroidManifest.xml:33:17-81
183-->[:firebase_messaging] AndroidManifest.xml:33:25-78
184            </intent-filter>
185        </receiver>
186        <!--
187             FirebaseMessagingService performs security checks at runtime,
188             but set to not exported to explicitly avoid allowing another app to call it.
189        -->
190        <service
190-->[com.google.firebase:firebase-messaging:23.0.8] AndroidManifest.xml:45:9-52:19
191            android:name="com.google.firebase.messaging.FirebaseMessagingService"
191-->[com.google.firebase:firebase-messaging:23.0.8] AndroidManifest.xml:46:13-82
192            android:directBootAware="true"
192-->[com.google.firebase:firebase-messaging:23.0.8] AndroidManifest.xml:47:13-43
193            android:exported="false" >
193-->[com.google.firebase:firebase-messaging:23.0.8] AndroidManifest.xml:48:13-37
194            <intent-filter android:priority="-500" >
194-->[:firebase_messaging] AndroidManifest.xml:23:13-25:29
195                <action android:name="com.google.firebase.MESSAGING_EVENT" />
195-->[:firebase_messaging] AndroidManifest.xml:24:17-78
195-->[:firebase_messaging] AndroidManifest.xml:24:25-75
196            </intent-filter>
197        </service>
198
199        <provider
199-->[com.google.firebase:firebase-common:20.1.2] AndroidManifest.xml:26:9-31:39
200            android:name="com.google.firebase.provider.FirebaseInitProvider"
200-->[com.google.firebase:firebase-common:20.1.2] AndroidManifest.xml:27:13-77
201            android:authorities="com.example.learn_english.firebaseinitprovider"
201-->[com.google.firebase:firebase-common:20.1.2] AndroidManifest.xml:28:13-72
202            android:directBootAware="true"
202-->[com.google.firebase:firebase-common:20.1.2] AndroidManifest.xml:29:13-43
203            android:exported="false"
203-->[com.google.firebase:firebase-common:20.1.2] AndroidManifest.xml:30:13-37
204            android:initOrder="100" />
204-->[com.google.firebase:firebase-common:20.1.2] AndroidManifest.xml:31:13-36
205
206        <activity
206-->[com.google.android.gms:play-services-base:18.0.1] AndroidManifest.xml:20:9-22:45
207            android:name="com.google.android.gms.common.api.GoogleApiActivity"
207-->[com.google.android.gms:play-services-base:18.0.1] AndroidManifest.xml:20:19-85
208            android:exported="false"
208-->[com.google.android.gms:play-services-base:18.0.1] AndroidManifest.xml:22:19-43
209            android:theme="@android:style/Theme.Translucent.NoTitleBar" />
209-->[com.google.android.gms:play-services-base:18.0.1] AndroidManifest.xml:21:19-78
210
211        <meta-data
211-->[com.google.android.gms:play-services-basement:18.1.0] AndroidManifest.xml:21:9-23:69
212            android:name="com.google.android.gms.version"
212-->[com.google.android.gms:play-services-basement:18.1.0] AndroidManifest.xml:22:13-58
213            android:value="@integer/google_play_services_version" />
213-->[com.google.android.gms:play-services-basement:18.1.0] AndroidManifest.xml:23:13-66
214
215        <service
215-->[com.google.android.datatransport:transport-backend-cct:3.1.7] AndroidManifest.xml:29:9-35:19
216            android:name="com.google.android.datatransport.runtime.backends.TransportBackendDiscovery"
216-->[com.google.android.datatransport:transport-backend-cct:3.1.7] AndroidManifest.xml:30:13-103
217            android:exported="false" >
217-->[com.google.android.datatransport:transport-backend-cct:3.1.7] AndroidManifest.xml:31:13-37
218            <meta-data
218-->[com.google.android.datatransport:transport-backend-cct:3.1.7] AndroidManifest.xml:32:13-34:39
219                android:name="backend:com.google.android.datatransport.cct.CctBackendFactory"
219-->[com.google.android.datatransport:transport-backend-cct:3.1.7] AndroidManifest.xml:33:17-94
220                android:value="cct" />
220-->[com.google.android.datatransport:transport-backend-cct:3.1.7] AndroidManifest.xml:34:17-36
221        </service>
222        <service
222-->[com.google.android.datatransport:transport-runtime:3.1.7] AndroidManifest.xml:26:9-30:19
223            android:name="com.google.android.datatransport.runtime.scheduling.jobscheduling.JobInfoSchedulerService"
223-->[com.google.android.datatransport:transport-runtime:3.1.7] AndroidManifest.xml:27:13-117
224            android:exported="false"
224-->[com.google.android.datatransport:transport-runtime:3.1.7] AndroidManifest.xml:28:13-37
225            android:permission="android.permission.BIND_JOB_SERVICE" >
225-->[com.google.android.datatransport:transport-runtime:3.1.7] AndroidManifest.xml:29:13-69
226        </service>
227
228        <receiver
228-->[com.google.android.datatransport:transport-runtime:3.1.7] AndroidManifest.xml:32:9-34:40
229            android:name="com.google.android.datatransport.runtime.scheduling.jobscheduling.AlarmManagerSchedulerBroadcastReceiver"
229-->[com.google.android.datatransport:transport-runtime:3.1.7] AndroidManifest.xml:33:13-132
230            android:exported="false" />
230-->[com.google.android.datatransport:transport-runtime:3.1.7] AndroidManifest.xml:34:13-37
231    </application>
232
233</manifest>